<?xml version='1.0' encoding='UTF-8'?>
<testsuite hostname="TJARK-SP" name="ThunderTest" tests="1" errors="0" failures="0" skipped="0" time="3.193" timestamp="2020-10-02T12:06:04">
                     <properties>
[...]
</properties>
                     <testcase classname="ThunderTest" name="Thunderbird should pass" time="3.193">
                                                 
                                               </testcase>
                     <system-out><![CDATA[]]></system-out>
                     <system-err><![CDATA[]]></system-err>
                   </testsuite>